0 info it worked if it ends with ok
1 verbose cli [ 'C:\\Program Files\\nodejs\\node.exe',
1 verbose cli   'C:\\Users\\Vineet15.Yadav\\AppData\\Roaming\\npm\\node_modules\\npm\\bin\\npm-cli.js',
1 verbose cli   'start' ]
2 info using npm@3.10.6
3 info using node@v8.4.0
4 verbose run-script [ 'prestart', 'start', 'poststart' ]
5 info lifecycle application@1.0.0~prestart: application@1.0.0
6 silly lifecycle application@1.0.0~prestart: no script for prestart, continuing
7 info lifecycle application@1.0.0~start: application@1.0.0
8 verbose lifecycle application@1.0.0~start: unsafe-perm in lifecycle true
9 verbose lifecycle application@1.0.0~start: PATH: C:\Users\Vineet15.Yadav\AppData\Roaming\npm\node_modules\npm\bin\node-gyp-bin;F:\icm\icmsystem\application\node_modules\.bin;C:\ProgramData\Oracle\Java\javapath;C:\Program Files (x86)\Intel\iCLS Client\;C:\Program Files\Intel\iCLS Client\;C:\Windows\system32;C:\Windows;C:\Windows\System32\Wbem;C:\Windows\System32\WindowsPowerShell\v1.0\;C:\Program Files\Intel\Intel(R) Management Engine Components\DAL;C:\Program Files (x86)\Intel\Intel(R) Management Engine Components\DAL;C:\Program Files\Intel\Intel(R) Management Engine Components\IPT;C:\Program Files (x86)\Intel\Intel(R) Management Engine Components\IPT;C:\Program Files (x86)\Microsoft SQL Server\100\Tools\Binn\;C:\Program Files\Microsoft SQL Server\100\Tools\Binn\;C:\Program Files\Microsoft SQL Server\100\DTS\Binn\;C:\Program Files\SlikSvn\bin;E:\Softwares\adb\platform-tools;C:\Program Files (x86)\Microsoft SQL Server\90\Tools\binn\;C:\Android;C:\Windows\System32;C:\Users\Vineet15.Yadav\.dnx\bin;C:\Program Files\Microsoft DNX\Dnvm\;C:\Program Files\Microsoft SQL Server\130\Tools\Binn\;C:\Program Files (x86)\Heroku\bin;C:\Program Files (x86)\git\cmd;C:\Program Files\MySQL\MySQL Utilities 1.6\;C:\Program Files (x86)\Skype\Phone\;C:\Program Files\Git\cmd;C:\Program Files\nodejs\;C:\Users\Vineet15.Yadav\AppData\Local\Programs\Python\Python35\Scripts\;C:\Users\Vineet15.Yadav\AppData\Local\Programs\Python\Python35\;C:\Users\Vineet15.Yadav\Downloads\mysql-5.6.23-win32\bin;C:\Users\Vineet15.Yadav\Downloads\android-sdk_r24.0.2-windows\android-sdk-windows\platform-tools\;C:\Program Files\Java\jdk1.8.0_72\bin;C:\Program Files\MySQL\MySQL Server 5.7\bin;C:\cygwin64\bin;C:\Program Files\MongoDB\Server\3.4\bin;C:\curl-7.53.1\src;C:\Users\Vineet15.Yadav\AppData\Roaming\npm
10 verbose lifecycle application@1.0.0~start: CWD: F:\icm\icmsystem\application
11 silly lifecycle application@1.0.0~start: Args: [ '/d /s /c', 'nodemon bin/wwww' ]
12 silly lifecycle application@1.0.0~start: Returned: code: 3221225786  signal: null
13 info lifecycle application@1.0.0~start: Failed to exec start script
14 verbose stack Error: application@1.0.0 start: `nodemon bin/wwww`
14 verbose stack Exit status 3221225786
14 verbose stack     at EventEmitter.<anonymous> (C:\Users\Vineet15.Yadav\AppData\Roaming\npm\node_modules\npm\lib\utils\lifecycle.js:255:16)
14 verbose stack     at emitTwo (events.js:125:13)
14 verbose stack     at EventEmitter.emit (events.js:213:7)
14 verbose stack     at ChildProcess.<anonymous> (C:\Users\Vineet15.Yadav\AppData\Roaming\npm\node_modules\npm\lib\utils\spawn.js:40:14)
14 verbose stack     at emitTwo (events.js:125:13)
14 verbose stack     at ChildProcess.emit (events.js:213:7)
14 verbose stack     at maybeClose (internal/child_process.js:927:16)
14 verbose stack     at Process.ChildProcess._handle.onexit (internal/child_process.js:211:5)
15 verbose pkgid application@1.0.0
16 verbose cwd F:\icm\icmsystem\application
17 error Windows_NT 6.1.7601
18 error argv "C:\\Program Files\\nodejs\\node.exe" "C:\\Users\\Vineet15.Yadav\\AppData\\Roaming\\npm\\node_modules\\npm\\bin\\npm-cli.js" "start"
19 error node v8.4.0
20 error npm  v3.10.6
21 error code ELIFECYCLE
22 error application@1.0.0 start: `nodemon bin/wwww`
22 error Exit status 3221225786
23 error Failed at the application@1.0.0 start script 'nodemon bin/wwww'.
23 error Make sure you have the latest version of node.js and npm installed.
23 error If you do, this is most likely a problem with the application package,
23 error not with npm itself.
23 error Tell the author that this fails on your system:
23 error     nodemon bin/wwww
23 error You can get information on how to open an issue for this project with:
23 error     npm bugs application
23 error Or if that isn't available, you can get their info via:
23 error     npm owner ls application
23 error There is likely additional logging output above.
24 verbose exit [ 1, true ]
